<?xml version="1.0" encoding="UTF-8"?>
<!-- Generated by org.testng.reporters.JUnitXMLReporter -->
<testsuite hostname="DESKTOP-U3IDJJT" ignored="2" name="Test(failed)" tests="1" failures="0" timestamp="2023-03-14T22:50:48 IST" time="0.092" errors="0">
  <testcase name="createCustomer" time="0.016" classname="com.actitime.testscript.CustomerModule"/>
  <testcase name="modifyCustomer" time="0.0" classname="com.actitime.testscript.CustomerModule">
    <ignored/>
  </testcase> <!-- modifyCustomer -->
  <testcase name="deleteCustomer" time="0.0" classname="com.actitime.testscript.CustomerModule">
    <ignored/>
  </testcase> <!-- deleteCustomer -->
</testsuite> <!-- Test(failed) -->
