<?xml version="1.0" encoding="UTF-8"?>
<!-- Generated by org.testng.reporters.JUnitXMLReporter -->
<testsuite hostname="DESKTOP-U3IDJJT" ignored="0" name="Test" tests="9" failures="0" timestamp="2023-03-16T19:12:46 IST" time="0.105" errors="0">
  <testcase name="createProject" time="0.01" classname="com.actitime.testscript.ProjectModule"/>
  <testcase name="deleteProject" time="0.002" classname="com.actitime.testscript.ProjectModule"/>
  <testcase name="modifyProject" time="0.001" classname="com.actitime.testscript.ProjectModule"/>
  <testcase name="createCustomer" time="0.002" classname="com.actitime.testscript.CustomerModule"/>
  <testcase name="deleteCustomer" time="0.002" classname="com.actitime.testscript.CustomerModule"/>
  <testcase name="modifyCustomer" time="0.003" classname="com.actitime.testscript.CustomerModule"/>
  <testcase name="createTask" time="0.001" classname="com.actitime.testscript.TaskModule"/>
  <testcase name="deleteTask" time="0.001" classname="com.actitime.testscript.TaskModule"/>
  <testcase name="modifyTask" time="0.001" classname="com.actitime.testscript.TaskModule"/>
</testsuite> <!-- Test -->
